  AIServerManager.cpp
  NetworkingClient.cpp
  NetworkingServer.cpp
D:\_AugmentedIntelligence\_Server\AIServerManager\NetworkingServer.cpp(19,7): error C2653: 'grpc': is not a class or namespace name
D:\_AugmentedIntelligence\_Server\AIServerManager\NetworkingServer.cpp(19,1): error C2873: 'Server': symbol cannot be used in a using-declaration
D:\_AugmentedIntelligence\_Server\AIServerManager\NetworkingServer.cpp(20,7): error C2653: 'grpc': is not a class or namespace name
D:\_AugmentedIntelligence\_Server\AIServerManager\NetworkingServer.cpp(20,1): error C2873: 'ServerBuilder': symbol cannot be used in a using-declaration
D:\_AugmentedIntelligence\_Server\AIServerManager\NetworkingServer.cpp(21,7): error C2653: 'grpc': is not a class or namespace name
D:\_AugmentedIntelligence\_Server\AIServerManager\NetworkingServer.cpp(21,1): error C2873: 'ServerContext': symbol cannot be used in a using-declaration
D:\_AugmentedIntelligence\_Server\AIServerManager\NetworkingServer.cpp(22,7): error C2653: 'grpc': is not a class or namespace name
D:\_AugmentedIntelligence\_Server\AIServerManager\NetworkingServer.cpp(22,1): error C2873: 'Status': symbol cannot be used in a using-declaration
D:\_AugmentedIntelligence\_Server\AIServerManager\NetworkingServer.cpp(23,7): error C2653: 'helloworld': is not a class or namespace name
D:\_AugmentedIntelligence\_Server\AIServerManager\NetworkingServer.cpp(23,1): error C2873: 'Greeter': symbol cannot be used in a using-declaration
D:\_AugmentedIntelligence\_Server\AIServerManager\NetworkingServer.cpp(24,7): error C2653: 'helloworld': is not a class or namespace name
D:\_AugmentedIntelligence\_Server\AIServerManager\NetworkingServer.cpp(24,1): error C2873: 'HelloReply': symbol cannot be used in a using-declaration
D:\_AugmentedIntelligence\_Server\AIServerManager\NetworkingServer.cpp(25,7): error C2653: 'helloworld': is not a class or namespace name
D:\_AugmentedIntelligence\_Server\AIServerManager\NetworkingServer.cpp(25,1): error C2873: 'HelloRequest': symbol cannot be used in a using-declaration
D:\_AugmentedIntelligence\_Server\AIServerManager\NetworkingServer.cpp(28,49): error C2504: 'Service': base class undefined
D:\_AugmentedIntelligence\_Server\AIServerManager\NetworkingServer.cpp(29,12): error C3646: 'SayHello': unknown override specifier
D:\_AugmentedIntelligence\_Server\AIServerManager\NetworkingServer.cpp(29,20): error C2059: syntax error: '('
D:\_AugmentedIntelligence\_Server\AIServerManager\NetworkingServer.cpp(30,37): error C2334: unexpected token(s) preceding '{'; skipping apparent function body
D:\_AugmentedIntelligence\_Server\AIServerManager\NetworkingServer.cpp(41,5): error C2653: 'grpc': is not a class or namespace name
D:\_AugmentedIntelligence\_Server\AIServerManager\NetworkingServer.cpp(41,11): error C3861: 'EnableDefaultHealthCheckService': identifier not found
D:\_AugmentedIntelligence\_Server\AIServerManager\NetworkingServer.cpp(42,5): error C2653: 'grpc': is not a class or namespace name
D:\_AugmentedIntelligence\_Server\AIServerManager\NetworkingServer.cpp(42,23): error C3861: 'InitProtoReflectionServerBuilderPlugin': identifier not found
D:\_AugmentedIntelligence\_Server\AIServerManager\NetworkingServer.cpp(43,5): error C2065: 'ServerBuilder': undeclared identifier
D:\_AugmentedIntelligence\_Server\AIServerManager\NetworkingServer.cpp(43,19): error C2146: syntax error: missing ';' before identifier 'builder'
D:\_AugmentedIntelligence\_Server\AIServerManager\NetworkingServer.cpp(43,19): error C2065: 'builder': undeclared identifier
D:\_AugmentedIntelligence\_Server\AIServerManager\NetworkingServer.cpp(45,5): error C2065: 'builder': undeclared identifier
D:\_AugmentedIntelligence\_Server\AIServerManager\NetworkingServer.cpp(45,46): error C2653: 'grpc': is not a class or namespace name
D:\_AugmentedIntelligence\_Server\AIServerManager\NetworkingServer.cpp(45,52): error C3861: 'InsecureServerCredentials': identifier not found
D:\_AugmentedIntelligence\_Server\AIServerManager\NetworkingServer.cpp(48,5): error C2065: 'builder': undeclared identifier
D:\_AugmentedIntelligence\_Server\AIServerManager\NetworkingServer.cpp(50,21): error C2065: 'Server': undeclared identifier
D:\_AugmentedIntelligence\_Server\AIServerManager\NetworkingServer.cpp(50,10): error C2923: 'std::unique_ptr': 'Server' is not a valid template type argument for parameter '_Ty'
D:\_AugmentedIntelligence\_Server\AIServerManager\NetworkingServer.cpp(50,21): message : see declaration of 'Server'
D:\_AugmentedIntelligence\_Server\AIServerManager\NetworkingServer.cpp(50,10): error C2976: 'std::unique_ptr': too few template arguments
E:\Visual Studio\VC\Tools\MSVC\14.34.31933\include\memory(3139,1): message : see declaration of 'std::unique_ptr'
D:\_AugmentedIntelligence\_Server\AIServerManager\NetworkingServer.cpp(50,36): error C2065: 'builder': undeclared identifier
D:\_AugmentedIntelligence\_Server\AIServerManager\NetworkingServer.cpp(50,35): error C2641: cannot deduce template arguments for 'std::unique_ptr'
D:\_AugmentedIntelligence\_Server\AIServerManager\NetworkingServer.cpp(50,59): error C2783: 'std::unique_ptr<_Ty,_Dx> std::unique_ptr(void) noexcept': could not deduce template argument for '_Ty'
E:\Visual Studio\VC\Tools\MSVC\14.34.31933\include\memory(3146,5): message : see declaration of 'std::unique_ptr'
D:\_AugmentedIntelligence\_Server\AIServerManager\NetworkingServer.cpp(50,35): error C2780: 'std::unique_ptr<_Ty,_Dx> std::unique_ptr(std::unique_ptr<_Ty,_Dx>)': expects 1 arguments - 0 provided
E:\Visual Studio\VC\Tools\MSVC\14.34.31933\include\memory(3139,1): message : see declaration of 'std::unique_ptr'
D:\_AugmentedIntelligence\_Server\AIServerManager\NetworkingServer.cpp(55,5): error C2839: invalid return type '_Get_deleter_pointer_type<_Ty,remove_reference<_Ty2>::type,void>::type' for overloaded 'operator ->'
D:\_AugmentedIntelligence\_Server\AIServerManager\NetworkingServer.cpp(55,13): error C2039: 'Wait': is not a member of 'std::unique_ptr'
E:\Visual Studio\VC\Tools\MSVC\14.34.31933\include\memory(3139,1): message : see declaration of 'std::unique_ptr'
